INFO 2024-08-11 13:35:38,330 autoreload Watching for file changes with StatReloader
INFO 2024-08-11 13:35:42,146 autoreload C:\Users\SAMSUNG\Desktop\NAT_HABIT\bookstore\base_api\serializers.py changed, reloading.
INFO 2024-08-11 13:35:43,759 autoreload Watching for file changes with StatReloader
INFO 2024-08-11 13:35:59,922 autoreload C:\Users\SAMSUNG\Desktop\NAT_HABIT\bookstore\base_api\serializers.py changed, reloading.
INFO 2024-08-11 13:36:01,822 autoreload Watching for file changes with StatReloader
INFO 2024-08-11 13:36:58,134 autoreload C:\Users\SAMSUNG\Desktop\NAT_HABIT\bookstore\base_api\views.py changed, reloading.
INFO 2024-08-11 13:37:00,149 autoreload Watching for file changes with StatReloader
INFO 2024-08-11 13:37:16,488 autoreload C:\Users\SAMSUNG\Desktop\NAT_HABIT\bookstore\base_api\views.py changed, reloading.
INFO 2024-08-11 13:37:18,371 autoreload Watching for file changes with StatReloader
INFO 2024-08-11 13:37:45,583 autoreload C:\Users\SAMSUNG\Desktop\NAT_HABIT\bookstore\base_api\views.py changed, reloading.
INFO 2024-08-11 13:37:47,420 autoreload Watching for file changes with StatReloader
INFO 2024-08-11 13:38:56,008 autoreload Watching for file changes with StatReloader
INFO 2024-08-11 13:39:00,224 basehttp "GET /admin/login/?next=/admin/ HTTP/1.1" 200 4157
INFO 2024-08-11 13:39:09,704 basehttp "POST /admin/login/?next=/admin/ HTTP/1.1" 200 4324
INFO 2024-08-11 13:39:20,163 basehttp "POST /admin/login/?next=/admin/ HTTP/1.1" 200 4324
INFO 2024-08-11 13:39:31,918 basehttp "POST /admin/login/?next=/admin/ HTTP/1.1" 200 4314
INFO 2024-08-11 13:40:26,869 autoreload Watching for file changes with StatReloader
INFO 2024-08-11 13:41:22,080 basehttp "GET /admin/login/?next=/admin/ HTTP/1.1" 200 4157
INFO 2024-08-11 13:42:02,892 autoreload C:\Users\SAMSUNG\Desktop\NAT_HABIT\bookstore\base_api\authentication.py changed, reloading.
INFO 2024-08-11 13:42:04,990 autoreload Watching for file changes with StatReloader
INFO 2024-08-11 13:42:09,539 basehttp "GET /admin/login/?next=/admin/ HTTP/1.1" 200 4157
INFO 2024-08-11 13:42:54,733 autoreload C:\Users\SAMSUNG\Desktop\NAT_HABIT\bookstore\bookstore\settings.py changed, reloading.
INFO 2024-08-11 13:42:56,551 autoreload Watching for file changes with StatReloader
INFO 2024-08-11 13:42:59,266 autoreload C:\Users\SAMSUNG\Desktop\NAT_HABIT\bookstore\bookstore\settings.py changed, reloading.
INFO 2024-08-11 13:43:01,036 autoreload Watching for file changes with StatReloader
INFO 2024-08-11 13:43:44,765 autoreload C:\Users\SAMSUNG\Desktop\NAT_HABIT\bookstore\base_api\models.py changed, reloading.
INFO 2024-08-11 13:45:44,217 autoreload Watching for file changes with StatReloader
INFO 2024-08-11 13:47:10,461 basehttp "GET /admin/login/?next=/admin/ HTTP/1.1" 200 4157
INFO 2024-08-11 13:47:19,326 basehttp "POST /admin/login/?next=/admin/ HTTP/1.1" 200 4314
INFO 2024-08-11 13:47:29,918 basehttp "POST /admin/login/?next=/admin/ HTTP/1.1" 200 4324
INFO 2024-08-11 13:47:50,428 autoreload C:\Users\SAMSUNG\Desktop\NAT_HABIT\bookstore\base_api\authentication.py changed, reloading.
INFO 2024-08-11 13:47:52,456 autoreload Watching for file changes with StatReloader
INFO 2024-08-11 13:49:30,585 autoreload C:\Users\SAMSUNG\Desktop\NAT_HABIT\bookstore\base_api\views.py changed, reloading.
INFO 2024-08-11 13:49:32,649 autoreload Watching for file changes with StatReloader
INFO 2024-08-11 13:49:38,975 basehttp "POST /admin/login/?next=/admin/ HTTP/1.1" 200 4324
INFO 2024-08-11 13:50:32,307 autoreload C:\Users\SAMSUNG\Desktop\NAT_HABIT\bookstore\base_api\authentication.py changed, reloading.
INFO 2024-08-11 13:50:34,192 autoreload Watching for file changes with StatReloader
INFO 2024-08-11 13:50:57,723 autoreload C:\Users\SAMSUNG\Desktop\NAT_HABIT\bookstore\base_api\views.py changed, reloading.
INFO 2024-08-11 13:51:00,854 autoreload Watching for file changes with StatReloader
INFO 2024-08-11 13:51:07,195 basehttp "POST /admin/login/?next=/admin/ HTTP/1.1" 200 4324
INFO 2024-08-11 13:51:22,566 autoreload C:\Users\SAMSUNG\Desktop\NAT_HABIT\bookstore\base_api\authentication.py changed, reloading.
INFO 2024-08-11 13:51:24,505 autoreload Watching for file changes with StatReloader
ERROR 2024-08-11 13:51:36,035 log Internal Server Error: /admin/login/
Traceback (most recent call last):
  File "C:\Users\SAMSUNG\Desktop\NAT_HABIT\bookstore\venv\Lib\site-packages\django\core\handlers\exception.py", line 55, in inner
    response = get_response(request)
               ^^^^^^^^^^^^^^^^^^^^^
  File "C:\Users\SAMSUNG\Desktop\NAT_HABIT\bookstore\venv\Lib\site-packages\django\core\handlers\base.py", line 197, in _get_response
    response = wrapped_callback(request, *callback_args, **callback_kwargs)
               ^^^^^^^^^^^^^^^^^^^^^^^^^^^^^^^^^^^^^^^^^^^^^^^^^^^^^^^^^^^^
  File "C:\Users\SAMSUNG\Desktop\NAT_HABIT\bookstore\venv\Lib\site-packages\django\utils\decorators.py", line 48, in _wrapper
    return bound_method(*args, **kwargs)
           ^^^^^^^^^^^^^^^^^^^^^^^^^^^^^
  File "C:\Users\SAMSUNG\Desktop\NAT_HABIT\bookstore\venv\Lib\site-packages\django\views\decorators\cache.py", line 80, in _view_wrapper
    response = view_func(request, *args, **kwargs)
               ^^^^^^^^^^^^^^^^^^^^^^^^^^^^^^^^^^^
  File "C:\Users\SAMSUNG\Desktop\NAT_HABIT\bookstore\venv\Lib\site-packages\django\contrib\admin\sites.py", line 444, in login
    return LoginView.as_view(**defaults)(request)
           ^^^^^^^^^^^^^^^^^^^^^^^^^^^^^^^^^^^^^^
  File "C:\Users\SAMSUNG\Desktop\NAT_HABIT\bookstore\venv\Lib\site-packages\django\views\generic\base.py", line 104, in view
    return self.dispatch(request, *args, **kwargs)
           ^^^^^^^^^^^^^^^^^^^^^^^^^^^^^^^^^^^^^^^
  File "C:\Users\SAMSUNG\Desktop\NAT_HABIT\bookstore\venv\Lib\site-packages\django\utils\decorators.py", line 48, in _wrapper
    return bound_method(*args, **kwargs)
           ^^^^^^^^^^^^^^^^^^^^^^^^^^^^^
  File "C:\Users\SAMSUNG\Desktop\NAT_HABIT\bookstore\venv\Lib\site-packages\django\utils\decorators.py", line 48, in _wrapper
    return bound_method(*args, **kwargs)
           ^^^^^^^^^^^^^^^^^^^^^^^^^^^^^
  File "C:\Users\SAMSUNG\Desktop\NAT_HABIT\bookstore\venv\Lib\site-packages\django\views\decorators\debug.py", line 143, in sensitive_post_parameters_wrapper
    return view(request, *args, **kwargs)
           ^^^^^^^^^^^^^^^^^^^^^^^^^^^^^^
  File "C:\Users\SAMSUNG\Desktop\NAT_HABIT\bookstore\venv\Lib\site-packages\django\utils\decorators.py", line 48, in _wrapper
    return bound_method(*args, **kwargs)
           ^^^^^^^^^^^^^^^^^^^^^^^^^^^^^
  File "C:\Users\SAMSUNG\Desktop\NAT_HABIT\bookstore\venv\Lib\site-packages\django\utils\decorators.py", line 188, in _view_wrapper
    result = _process_exception(request, e)
             ^^^^^^^^^^^^^^^^^^^^^^^^^^^^^^
  File "C:\Users\SAMSUNG\Desktop\NAT_HABIT\bookstore\venv\Lib\site-packages\django\utils\decorators.py", line 186, in _view_wrapper
    response = view_func(request, *args, **kwargs)
               ^^^^^^^^^^^^^^^^^^^^^^^^^^^^^^^^^^^
  File "C:\Users\SAMSUNG\Desktop\NAT_HABIT\bookstore\venv\Lib\site-packages\django\utils\decorators.py", line 48, in _wrapper
    return bound_method(*args, **kwargs)
           ^^^^^^^^^^^^^^^^^^^^^^^^^^^^^
  File "C:\Users\SAMSUNG\Desktop\NAT_HABIT\bookstore\venv\Lib\site-packages\django\views\decorators\cache.py", line 80, in _view_wrapper
    response = view_func(request, *args, **kwargs)
               ^^^^^^^^^^^^^^^^^^^^^^^^^^^^^^^^^^^
  File "C:\Users\SAMSUNG\Desktop\NAT_HABIT\bookstore\venv\Lib\site-packages\django\contrib\auth\views.py", line 89, in dispatch
    return super().dispatch(request, *args, **kwargs)
           ^^^^^^^^^^^^^^^^^^^^^^^^^^^^^^^^^^^^^^^^^^
  File "C:\Users\SAMSUNG\Desktop\NAT_HABIT\bookstore\venv\Lib\site-packages\django\views\generic\base.py", line 143, in dispatch
    return handler(request, *args, **kwargs)
           ^^^^^^^^^^^^^^^^^^^^^^^^^^^^^^^^^
  File "C:\Users\SAMSUNG\Desktop\NAT_HABIT\bookstore\venv\Lib\site-packages\django\views\generic\edit.py", line 150, in post
    if form.is_valid():
       ^^^^^^^^^^^^^^^
  File "C:\Users\SAMSUNG\Desktop\NAT_HABIT\bookstore\venv\Lib\site-packages\django\forms\forms.py", line 197, in is_valid
    return self.is_bound and not self.errors
                                 ^^^^^^^^^^^
  File "C:\Users\SAMSUNG\Desktop\NAT_HABIT\bookstore\venv\Lib\site-packages\django\forms\forms.py", line 192, in errors
    self.full_clean()
  File "C:\Users\SAMSUNG\Desktop\NAT_HABIT\bookstore\venv\Lib\site-packages\django\forms\forms.py", line 326, in full_clean
    self._clean_form()
  File "C:\Users\SAMSUNG\Desktop\NAT_HABIT\bookstore\venv\Lib\site-packages\django\forms\forms.py", line 342, in _clean_form
    cleaned_data = self.clean()
                   ^^^^^^^^^^^^
  File "C:\Users\SAMSUNG\Desktop\NAT_HABIT\bookstore\venv\Lib\site-packages\django\contrib\auth\forms.py", line 329, in clean
    self.user_cache = authenticate(
                      ^^^^^^^^^^^^^
  File "C:\Users\SAMSUNG\Desktop\NAT_HABIT\bookstore\venv\Lib\site-packages\django\views\decorators\debug.py", line 75, in sensitive_variables_wrapper
    return func(*func_args, **func_kwargs)
           ^^^^^^^^^^^^^^^^^^^^^^^^^^^^^^^
  File "C:\Users\SAMSUNG\Desktop\NAT_HABIT\bookstore\venv\Lib\site-packages\django\contrib\auth\__init__.py", line 79, in authenticate
    user = backend.authenticate(request, **credentials)
           ^^^^^^^^^^^^^^^^^^^^^^^^^^^^^^^^^^^^^^^^^^^^
  File "C:\Users\SAMSUNG\Desktop\NAT_HABIT\bookstore\base_api\authentication.py", line 7, in authenticate
    print('customer.. ' , email , passwrod , **kwargs)
                                  ^^^^^^^^
NameError: name 'passwrod' is not defined. Did you mean: 'password'?
ERROR 2024-08-11 13:51:36,331 basehttp "POST /admin/login/?next=/admin/ HTTP/1.1" 500 181678
INFO 2024-08-11 13:51:46,458 autoreload C:\Users\SAMSUNG\Desktop\NAT_HABIT\bookstore\base_api\authentication.py changed, reloading.
INFO 2024-08-11 13:51:47,962 autoreload Watching for file changes with StatReloader
INFO 2024-08-11 13:51:50,936 basehttp "GET /admin/login/?next=/admin/ HTTP/1.1" 200 4157
ERROR 2024-08-11 13:51:54,907 log Internal Server Error: /admin/login/
Traceback (most recent call last):
  File "C:\Users\SAMSUNG\Desktop\NAT_HABIT\bookstore\venv\Lib\site-packages\django\core\handlers\exception.py", line 55, in inner
    response = get_response(request)
               ^^^^^^^^^^^^^^^^^^^^^
  File "C:\Users\SAMSUNG\Desktop\NAT_HABIT\bookstore\venv\Lib\site-packages\django\core\handlers\base.py", line 197, in _get_response
    response = wrapped_callback(request, *callback_args, **callback_kwargs)
               ^^^^^^^^^^^^^^^^^^^^^^^^^^^^^^^^^^^^^^^^^^^^^^^^^^^^^^^^^^^^
  File "C:\Users\SAMSUNG\Desktop\NAT_HABIT\bookstore\venv\Lib\site-packages\django\utils\decorators.py", line 48, in _wrapper
    return bound_method(*args, **kwargs)
           ^^^^^^^^^^^^^^^^^^^^^^^^^^^^^
  File "C:\Users\SAMSUNG\Desktop\NAT_HABIT\bookstore\venv\Lib\site-packages\django\views\decorators\cache.py", line 80, in _view_wrapper
    response = view_func(request, *args, **kwargs)
               ^^^^^^^^^^^^^^^^^^^^^^^^^^^^^^^^^^^
  File "C:\Users\SAMSUNG\Desktop\NAT_HABIT\bookstore\venv\Lib\site-packages\django\contrib\admin\sites.py", line 444, in login
    return LoginView.as_view(**defaults)(request)
           ^^^^^^^^^^^^^^^^^^^^^^^^^^^^^^^^^^^^^^
  File "C:\Users\SAMSUNG\Desktop\NAT_HABIT\bookstore\venv\Lib\site-packages\django\views\generic\base.py", line 104, in view
    return self.dispatch(request, *args, **kwargs)
           ^^^^^^^^^^^^^^^^^^^^^^^^^^^^^^^^^^^^^^^
  File "C:\Users\SAMSUNG\Desktop\NAT_HABIT\bookstore\venv\Lib\site-packages\django\utils\decorators.py", line 48, in _wrapper
    return bound_method(*args, **kwargs)
           ^^^^^^^^^^^^^^^^^^^^^^^^^^^^^
  File "C:\Users\SAMSUNG\Desktop\NAT_HABIT\bookstore\venv\Lib\site-packages\django\utils\decorators.py", line 48, in _wrapper
    return bound_method(*args, **kwargs)
           ^^^^^^^^^^^^^^^^^^^^^^^^^^^^^
  File "C:\Users\SAMSUNG\Desktop\NAT_HABIT\bookstore\venv\Lib\site-packages\django\views\decorators\debug.py", line 143, in sensitive_post_parameters_wrapper
    return view(request, *args, **kwargs)
           ^^^^^^^^^^^^^^^^^^^^^^^^^^^^^^
  File "C:\Users\SAMSUNG\Desktop\NAT_HABIT\bookstore\venv\Lib\site-packages\django\utils\decorators.py", line 48, in _wrapper
    return bound_method(*args, **kwargs)
           ^^^^^^^^^^^^^^^^^^^^^^^^^^^^^
  File "C:\Users\SAMSUNG\Desktop\NAT_HABIT\bookstore\venv\Lib\site-packages\django\utils\decorators.py", line 188, in _view_wrapper
    result = _process_exception(request, e)
             ^^^^^^^^^^^^^^^^^^^^^^^^^^^^^^
  File "C:\Users\SAMSUNG\Desktop\NAT_HABIT\bookstore\venv\Lib\site-packages\django\utils\decorators.py", line 186, in _view_wrapper
    response = view_func(request, *args, **kwargs)
               ^^^^^^^^^^^^^^^^^^^^^^^^^^^^^^^^^^^
  File "C:\Users\SAMSUNG\Desktop\NAT_HABIT\bookstore\venv\Lib\site-packages\django\utils\decorators.py", line 48, in _wrapper
    return bound_method(*args, **kwargs)
           ^^^^^^^^^^^^^^^^^^^^^^^^^^^^^
  File "C:\Users\SAMSUNG\Desktop\NAT_HABIT\bookstore\venv\Lib\site-packages\django\views\decorators\cache.py", line 80, in _view_wrapper
    response = view_func(request, *args, **kwargs)
               ^^^^^^^^^^^^^^^^^^^^^^^^^^^^^^^^^^^
  File "C:\Users\SAMSUNG\Desktop\NAT_HABIT\bookstore\venv\Lib\site-packages\django\contrib\auth\views.py", line 89, in dispatch
    return super().dispatch(request, *args, **kwargs)
           ^^^^^^^^^^^^^^^^^^^^^^^^^^^^^^^^^^^^^^^^^^
  File "C:\Users\SAMSUNG\Desktop\NAT_HABIT\bookstore\venv\Lib\site-packages\django\views\generic\base.py", line 143, in dispatch
    return handler(request, *args, **kwargs)
           ^^^^^^^^^^^^^^^^^^^^^^^^^^^^^^^^^
  File "C:\Users\SAMSUNG\Desktop\NAT_HABIT\bookstore\venv\Lib\site-packages\django\views\generic\edit.py", line 150, in post
    if form.is_valid():
       ^^^^^^^^^^^^^^^
  File "C:\Users\SAMSUNG\Desktop\NAT_HABIT\bookstore\venv\Lib\site-packages\django\forms\forms.py", line 197, in is_valid
    return self.is_bound and not self.errors
                                 ^^^^^^^^^^^
  File "C:\Users\SAMSUNG\Desktop\NAT_HABIT\bookstore\venv\Lib\site-packages\django\forms\forms.py", line 192, in errors
    self.full_clean()
  File "C:\Users\SAMSUNG\Desktop\NAT_HABIT\bookstore\venv\Lib\site-packages\django\forms\forms.py", line 326, in full_clean
    self._clean_form()
  File "C:\Users\SAMSUNG\Desktop\NAT_HABIT\bookstore\venv\Lib\site-packages\django\forms\forms.py", line 342, in _clean_form
    cleaned_data = self.clean()
                   ^^^^^^^^^^^^
  File "C:\Users\SAMSUNG\Desktop\NAT_HABIT\bookstore\venv\Lib\site-packages\django\contrib\auth\forms.py", line 329, in clean
    self.user_cache = authenticate(
                      ^^^^^^^^^^^^^
  File "C:\Users\SAMSUNG\Desktop\NAT_HABIT\bookstore\venv\Lib\site-packages\django\views\decorators\debug.py", line 75, in sensitive_variables_wrapper
    return func(*func_args, **func_kwargs)
           ^^^^^^^^^^^^^^^^^^^^^^^^^^^^^^^
  File "C:\Users\SAMSUNG\Desktop\NAT_HABIT\bookstore\venv\Lib\site-packages\django\contrib\auth\__init__.py", line 79, in authenticate
    user = backend.authenticate(request, **credentials)
           ^^^^^^^^^^^^^^^^^^^^^^^^^^^^^^^^^^^^^^^^^^^^
  File "C:\Users\SAMSUNG\Desktop\NAT_HABIT\bookstore\base_api\authentication.py", line 7, in authenticate
    print('customer.. ' , email , password , **kwargs)
TypeError: 'username' is an invalid keyword argument for print()
ERROR 2024-08-11 13:51:54,940 basehttp "POST /admin/login/?next=/admin/ HTTP/1.1" 500 181754
INFO 2024-08-11 13:52:12,022 autoreload C:\Users\SAMSUNG\Desktop\NAT_HABIT\bookstore\base_api\authentication.py changed, reloading.
INFO 2024-08-11 13:52:15,390 autoreload Watching for file changes with StatReloader
INFO 2024-08-11 13:52:16,350 basehttp "GET /admin/login/?next=/admin/ HTTP/1.1" 200 4157
INFO 2024-08-11 13:52:19,088 basehttp "GET /admin/login/?next=/admin/ HTTP/1.1" 200 4157
INFO 2024-08-11 13:52:27,878 basehttp "POST /admin/login/?next=/admin/ HTTP/1.1" 200 4314
INFO 2024-08-11 13:52:39,068 autoreload C:\Users\SAMSUNG\Desktop\NAT_HABIT\bookstore\base_api\authentication.py changed, reloading.
INFO 2024-08-11 13:52:40,627 autoreload Watching for file changes with StatReloader
INFO 2024-08-11 13:53:23,633 autoreload C:\Users\SAMSUNG\Desktop\NAT_HABIT\bookstore\base_api\views.py changed, reloading.
INFO 2024-08-11 13:53:25,590 autoreload Watching for file changes with StatReloader
ERROR 2024-08-11 13:53:33,581 log Internal Server Error: /admin/login/
Traceback (most recent call last):
  File "C:\Users\SAMSUNG\Desktop\NAT_HABIT\bookstore\venv\Lib\site-packages\django\core\handlers\exception.py", line 55, in inner
    response = get_response(request)
               ^^^^^^^^^^^^^^^^^^^^^
  File "C:\Users\SAMSUNG\Desktop\NAT_HABIT\bookstore\venv\Lib\site-packages\django\core\handlers\base.py", line 197, in _get_response
    response = wrapped_callback(request, *callback_args, **callback_kwargs)
               ^^^^^^^^^^^^^^^^^^^^^^^^^^^^^^^^^^^^^^^^^^^^^^^^^^^^^^^^^^^^
  File "C:\Users\SAMSUNG\Desktop\NAT_HABIT\bookstore\venv\Lib\site-packages\django\utils\decorators.py", line 48, in _wrapper
    return bound_method(*args, **kwargs)
           ^^^^^^^^^^^^^^^^^^^^^^^^^^^^^
  File "C:\Users\SAMSUNG\Desktop\NAT_HABIT\bookstore\venv\Lib\site-packages\django\views\decorators\cache.py", line 80, in _view_wrapper
    response = view_func(request, *args, **kwargs)
               ^^^^^^^^^^^^^^^^^^^^^^^^^^^^^^^^^^^
  File "C:\Users\SAMSUNG\Desktop\NAT_HABIT\bookstore\venv\Lib\site-packages\django\contrib\admin\sites.py", line 425, in login
    **self.each_context(request),
      ^^^^^^^^^^^^^^^^^^^^^^^^^^
  File "C:\Users\SAMSUNG\Desktop\NAT_HABIT\bookstore\venv\Lib\site-packages\django\contrib\admin\sites.py", line 338, in each_context
    "available_apps": self.get_app_list(request),
                      ^^^^^^^^^^^^^^^^^^^^^^^^^^
  File "C:\Users\SAMSUNG\Desktop\NAT_HABIT\bookstore\venv\Lib\site-packages\django\contrib\admin\sites.py", line 541, in get_app_list
    app_dict = self._build_app_dict(request, app_label)
               ^^^^^^^^^^^^^^^^^^^^^^^^^^^^^^^^^^^^^^^^
  File "C:\Users\SAMSUNG\Desktop\NAT_HABIT\bookstore\venv\Lib\site-packages\django\contrib\admin\sites.py", line 483, in _build_app_dict
    has_module_perms = model_admin.has_module_permission(request)
                       ^^^^^^^^^^^^^^^^^^^^^^^^^^^^^^^^^^^^^^^^^^
  File "C:\Users\SAMSUNG\Desktop\NAT_HABIT\bookstore\venv\Lib\site-packages\django\contrib\admin\options.py", line 640, in has_module_permission
    return request.user.has_module_perms(self.opts.app_label)
           ^^^^^^^^^^^^^^^^^^^^^^^^^^^^^^^^^^^^^^^^^^^^^^^^^^
  File "C:\Users\SAMSUNG\Desktop\NAT_HABIT\bookstore\venv\Lib\site-packages\django\contrib\auth\models.py", line 489, in has_module_perms
    return _user_has_module_perms(self, module)
           ^^^^^^^^^^^^^^^^^^^^^^^^^^^^^^^^^^^^
  File "C:\Users\SAMSUNG\Desktop\NAT_HABIT\bookstore\venv\Lib\site-packages\django\contrib\auth\models.py", line 232, in _user_has_module_perms
    for backend in auth.get_backends():
                   ^^^^^^^^^^^^^^^^^^^
  File "C:\Users\SAMSUNG\Desktop\NAT_HABIT\bookstore\venv\Lib\site-packages\django\contrib\auth\__init__.py", line 40, in get_backends
    return _get_backends(return_tuples=False)
           ^^^^^^^^^^^^^^^^^^^^^^^^^^^^^^^^^^
  File "C:\Users\SAMSUNG\Desktop\NAT_HABIT\bookstore\venv\Lib\site-packages\django\contrib\auth\__init__.py", line 29, in _get_backends
    backend = load_backend(backend_path)
              ^^^^^^^^^^^^^^^^^^^^^^^^^^
  File "C:\Users\SAMSUNG\Desktop\NAT_HABIT\bookstore\venv\Lib\site-packages\django\contrib\auth\__init__.py", line 23, in load_backend
    return import_string(path)()
           ^^^^^^^^^^^^^^^^^^^
  File "C:\Users\SAMSUNG\Desktop\NAT_HABIT\bookstore\venv\Lib\site-packages\django\utils\module_loading.py", line 30, in import_string
    return cached_import(module_path, class_name)
           ^^^^^^^^^^^^^^^^^^^^^^^^^^^^^^^^^^^^^^
  File "C:\Users\SAMSUNG\Desktop\NAT_HABIT\bookstore\venv\Lib\site-packages\django\utils\module_loading.py", line 15, in cached_import
    module = import_module(module_path)
             ^^^^^^^^^^^^^^^^^^^^^^^^^^
  File "C:\Users\SAMSUNG\AppData\Local\Programs\Python\Python312\Lib\importlib\__init__.py", line 90, in import_module
    return _bootstrap._gcd_import(name[level:], package, level)
           ^^^^^^^^^^^^^^^^^^^^^^^^^^^^^^^^^^^^^^^^^^^^^^^^^^^^
  File "<frozen importlib._bootstrap>", line 1387, in _gcd_import
  File "<frozen importlib._bootstrap>", line 1360, in _find_and_load
  File "<frozen importlib._bootstrap>", line 1331, in _find_and_load_unlocked
  File "<frozen importlib._bootstrap>", line 935, in _load_unlocked
  File "<frozen importlib._bootstrap_external>", line 991, in exec_module
  File "<frozen importlib._bootstrap_external>", line 1129, in get_code
  File "<frozen importlib._bootstrap_external>", line 1059, in source_to_code
  File "<frozen importlib._bootstrap>", line 488, in _call_with_frames_removed
  File "C:\Users\SAMSUNG\Desktop\NAT_HABIT\bookstore\base_api\authentication.py", line 8
    user = Customer.objects.get(email=email | username=email)
                                                      ^
SyntaxError: invalid syntax
ERROR 2024-08-11 13:53:33,633 basehttp "POST /admin/login/?next=/admin/ HTTP/1.1" 500 165927
INFO 2024-08-11 13:54:41,304 autoreload C:\Users\SAMSUNG\Desktop\NAT_HABIT\bookstore\base_api\views.py changed, reloading.
INFO 2024-08-11 13:54:43,321 autoreload Watching for file changes with StatReloader
INFO 2024-08-11 13:54:46,074 basehttp "GET /admin/login/?next=/admin/ HTTP/1.1" 200 4157
INFO 2024-08-11 13:54:49,145 basehttp "GET /admin/login/?next=/admin/ HTTP/1.1" 200 4157
ERROR 2024-08-11 13:54:56,688 log Internal Server Error: /admin/login/
Traceback (most recent call last):
  File "C:\Users\SAMSUNG\Desktop\NAT_HABIT\bookstore\venv\Lib\site-packages\django\core\handlers\exception.py", line 55, in inner
    response = get_response(request)
               ^^^^^^^^^^^^^^^^^^^^^
  File "C:\Users\SAMSUNG\Desktop\NAT_HABIT\bookstore\venv\Lib\site-packages\django\core\handlers\base.py", line 197, in _get_response
    response = wrapped_callback(request, *callback_args, **callback_kwargs)
               ^^^^^^^^^^^^^^^^^^^^^^^^^^^^^^^^^^^^^^^^^^^^^^^^^^^^^^^^^^^^
  File "C:\Users\SAMSUNG\Desktop\NAT_HABIT\bookstore\venv\Lib\site-packages\django\utils\decorators.py", line 48, in _wrapper
    return bound_method(*args, **kwargs)
           ^^^^^^^^^^^^^^^^^^^^^^^^^^^^^
  File "C:\Users\SAMSUNG\Desktop\NAT_HABIT\bookstore\venv\Lib\site-packages\django\views\decorators\cache.py", line 80, in _view_wrapper
    response = view_func(request, *args, **kwargs)
               ^^^^^^^^^^^^^^^^^^^^^^^^^^^^^^^^^^^
  File "C:\Users\SAMSUNG\Desktop\NAT_HABIT\bookstore\venv\Lib\site-packages\django\contrib\admin\sites.py", line 444, in login
    return LoginView.as_view(**defaults)(request)
           ^^^^^^^^^^^^^^^^^^^^^^^^^^^^^^^^^^^^^^
  File "C:\Users\SAMSUNG\Desktop\NAT_HABIT\bookstore\venv\Lib\site-packages\django\views\generic\base.py", line 104, in view
    return self.dispatch(request, *args, **kwargs)
           ^^^^^^^^^^^^^^^^^^^^^^^^^^^^^^^^^^^^^^^
  File "C:\Users\SAMSUNG\Desktop\NAT_HABIT\bookstore\venv\Lib\site-packages\django\utils\decorators.py", line 48, in _wrapper
    return bound_method(*args, **kwargs)
           ^^^^^^^^^^^^^^^^^^^^^^^^^^^^^
  File "C:\Users\SAMSUNG\Desktop\NAT_HABIT\bookstore\venv\Lib\site-packages\django\utils\decorators.py", line 48, in _wrapper
    return bound_method(*args, **kwargs)
           ^^^^^^^^^^^^^^^^^^^^^^^^^^^^^
  File "C:\Users\SAMSUNG\Desktop\NAT_HABIT\bookstore\venv\Lib\site-packages\django\views\decorators\debug.py", line 143, in sensitive_post_parameters_wrapper
    return view(request, *args, **kwargs)
           ^^^^^^^^^^^^^^^^^^^^^^^^^^^^^^
  File "C:\Users\SAMSUNG\Desktop\NAT_HABIT\bookstore\venv\Lib\site-packages\django\utils\decorators.py", line 48, in _wrapper
    return bound_method(*args, **kwargs)
           ^^^^^^^^^^^^^^^^^^^^^^^^^^^^^
  File "C:\Users\SAMSUNG\Desktop\NAT_HABIT\bookstore\venv\Lib\site-packages\django\utils\decorators.py", line 188, in _view_wrapper
    result = _process_exception(request, e)
             ^^^^^^^^^^^^^^^^^^^^^^^^^^^^^^
  File "C:\Users\SAMSUNG\Desktop\NAT_HABIT\bookstore\venv\Lib\site-packages\django\utils\decorators.py", line 186, in _view_wrapper
    response = view_func(request, *args, **kwargs)
               ^^^^^^^^^^^^^^^^^^^^^^^^^^^^^^^^^^^
  File "C:\Users\SAMSUNG\Desktop\NAT_HABIT\bookstore\venv\Lib\site-packages\django\utils\decorators.py", line 48, in _wrapper
    return bound_method(*args, **kwargs)
           ^^^^^^^^^^^^^^^^^^^^^^^^^^^^^
  File "C:\Users\SAMSUNG\Desktop\NAT_HABIT\bookstore\venv\Lib\site-packages\django\views\decorators\cache.py", line 80, in _view_wrapper
    response = view_func(request, *args, **kwargs)
               ^^^^^^^^^^^^^^^^^^^^^^^^^^^^^^^^^^^
  File "C:\Users\SAMSUNG\Desktop\NAT_HABIT\bookstore\venv\Lib\site-packages\django\contrib\auth\views.py", line 89, in dispatch
    return super().dispatch(request, *args, **kwargs)
           ^^^^^^^^^^^^^^^^^^^^^^^^^^^^^^^^^^^^^^^^^^
  File "C:\Users\SAMSUNG\Desktop\NAT_HABIT\bookstore\venv\Lib\site-packages\django\views\generic\base.py", line 143, in dispatch
    return handler(request, *args, **kwargs)
           ^^^^^^^^^^^^^^^^^^^^^^^^^^^^^^^^^
  File "C:\Users\SAMSUNG\Desktop\NAT_HABIT\bookstore\venv\Lib\site-packages\django\views\generic\edit.py", line 150, in post
    if form.is_valid():
       ^^^^^^^^^^^^^^^
  File "C:\Users\SAMSUNG\Desktop\NAT_HABIT\bookstore\venv\Lib\site-packages\django\forms\forms.py", line 197, in is_valid
    return self.is_bound and not self.errors
                                 ^^^^^^^^^^^
  File "C:\Users\SAMSUNG\Desktop\NAT_HABIT\bookstore\venv\Lib\site-packages\django\forms\forms.py", line 192, in errors
    self.full_clean()
  File "C:\Users\SAMSUNG\Desktop\NAT_HABIT\bookstore\venv\Lib\site-packages\django\forms\forms.py", line 326, in full_clean
    self._clean_form()
  File "C:\Users\SAMSUNG\Desktop\NAT_HABIT\bookstore\venv\Lib\site-packages\django\forms\forms.py", line 342, in _clean_form
    cleaned_data = self.clean()
                   ^^^^^^^^^^^^
  File "C:\Users\SAMSUNG\Desktop\NAT_HABIT\bookstore\venv\Lib\site-packages\django\contrib\auth\forms.py", line 329, in clean
    self.user_cache = authenticate(
                      ^^^^^^^^^^^^^
  File "C:\Users\SAMSUNG\Desktop\NAT_HABIT\bookstore\venv\Lib\site-packages\django\views\decorators\debug.py", line 75, in sensitive_variables_wrapper
    return func(*func_args, **func_kwargs)
           ^^^^^^^^^^^^^^^^^^^^^^^^^^^^^^^
  File "C:\Users\SAMSUNG\Desktop\NAT_HABIT\bookstore\venv\Lib\site-packages\django\contrib\auth\__init__.py", line 79, in authenticate
    user = backend.authenticate(request, **credentials)
           ^^^^^^^^^^^^^^^^^^^^^^^^^^^^^^^^^^^^^^^^^^^^
  File "C:\Users\SAMSUNG\Desktop\NAT_HABIT\bookstore\base_api\authentication.py", line 29, in authenticate
    user = Author.objects.get(Q(email=email) | Q(username=email))
                                      ^^^^^
NameError: name 'email' is not defined. Did you mean: 'eval'? Or did you forget to import 'email'
ERROR 2024-08-11 13:54:56,727 basehttp "POST /admin/login/?next=/admin/ HTTP/1.1" 500 181730
INFO 2024-08-11 13:55:10,964 autoreload C:\Users\SAMSUNG\Desktop\NAT_HABIT\bookstore\base_api\authentication.py changed, reloading.
INFO 2024-08-11 13:55:14,165 autoreload Watching for file changes with StatReloader
INFO 2024-08-11 13:55:17,876 basehttp "GET /admin/login/?next=/admin/ HTTP/1.1" 200 4157
INFO 2024-08-11 13:55:19,686 basehttp "GET /admin/login/?next=/admin/ HTTP/1.1" 200 4157
INFO 2024-08-11 13:55:26,379 basehttp "POST /admin/login/?next=/admin/ HTTP/1.1" 200 4314
INFO 2024-08-11 13:55:45,457 basehttp "GET /admin/login/?next=/admin/ HTTP/1.1" 200 4157
INFO 2024-08-11 13:56:00,884 basehttp "POST /admin/login/?next=/admin/ HTTP/1.1" 200 4324
INFO 2024-08-11 13:56:14,477 basehttp "POST /admin/login/?next=/admin/ HTTP/1.1" 200 4323
INFO 2024-08-11 13:56:24,182 basehttp "POST /admin/login/?next=/admin/ HTTP/1.1" 200 4325
INFO 2024-08-11 13:58:13,562 autoreload Watching for file changes with StatReloader
INFO 2024-08-11 13:58:34,970 basehttp "POST /admin/login/?next=/admin/ HTTP/1.1" 302 0
INFO 2024-08-11 13:58:35,124 basehttp "GET /admin/ HTTP/1.1" 200 7929
INFO 2024-08-11 13:59:05,183 basehttp "GET /admin/base_api/book/ HTTP/1.1" 200 8684
INFO 2024-08-11 13:59:05,385 basehttp "GET /admin/jsi18n/ HTTP/1.1" 200 3342
INFO 2024-08-11 13:59:07,832 basehttp "GET /admin/base_api/book/add/ HTTP/1.1" 200 13189
INFO 2024-08-11 13:59:07,896 basehttp "GET /admin/jsi18n/ HTTP/1.1" 200 3342
INFO 2024-08-11 13:59:08,229 basehttp "GET /static/admin/js/calendar.js HTTP/1.1" 200 9141
INFO 2024-08-11 13:59:08,268 basehttp "GET /static/admin/js/admin/DateTimeShortcuts.js HTTP/1.1" 200 19319
INFO 2024-08-11 13:59:08,535 basehttp "GET /static/admin/img/icon-calendar.svg HTTP/1.1" 200 1086
INFO 2024-08-11 13:59:11,120 basehttp "GET /admin/base_api/author/add/?_to_field=customer_ptr&_popup=1 HTTP/1.1" 200 13581
INFO 2024-08-11 13:59:11,222 basehttp "GET /admin/jsi18n/ HTTP/1.1" 200 3342
INFO 2024-08-11 13:59:11,586 basehttp "GET /static/admin/img/icon-clock.svg HTTP/1.1" 200 677
INFO 2024-08-11 13:59:28,538 basehttp "POST /admin/base_api/author/add/?_to_field=customer_ptr&_popup=1 HTTP/1.1" 200 13818
INFO 2024-08-11 13:59:28,599 basehttp "GET /admin/jsi18n/ HTTP/1.1" 200 3342
INFO 2024-08-11 13:59:35,063 basehttp "POST /admin/base_api/author/add/?_to_field=customer_ptr&_popup=1 HTTP/1.1" 200 335
INFO 2024-08-11 13:59:35,150 basehttp "GET /static/admin/js/popup_response.js HTTP/1.1" 200 532
INFO 2024-08-11 13:59:53,877 basehttp "POST /admin/base_api/book/add/ HTTP/1.1" 302 0
INFO 2024-08-11 13:59:53,931 basehttp "GET /admin/base_api/book/ HTTP/1.1" 200 10178
INFO 2024-08-11 13:59:53,992 basehttp "GET /admin/jsi18n/ HTTP/1.1" 200 3342
INFO 2024-08-11 13:59:54,194 basehttp "GET /static/admin/img/icon-yes.svg HTTP/1.1" 200 436
INFO 2024-08-11 13:59:56,010 basehttp "GET /admin/base_api/customer/add/ HTTP/1.1" 200 18686
INFO 2024-08-11 13:59:56,076 basehttp "GET /admin/jsi18n/ HTTP/1.1" 200 3342
INFO 2024-08-11 14:00:10,869 basehttp "POST /admin/base_api/customer/add/ HTTP/1.1" 302 0
INFO 2024-08-11 14:00:10,903 basehttp "GET /admin/base_api/customer/ HTTP/1.1" 200 11351
INFO 2024-08-11 14:00:10,971 basehttp "GET /admin/jsi18n/ HTTP/1.1" 200 3342
INFO 2024-08-11 14:00:13,451 basehttp "GET /admin/base_api/order/add/ HTTP/1.1" 200 12716
INFO 2024-08-11 14:00:13,522 basehttp "GET /admin/jsi18n/ HTTP/1.1" 200 3342
INFO 2024-08-11 14:00:15,529 basehttp "GET /admin/base_api/customer/ HTTP/1.1" 200 11138
INFO 2024-08-11 14:00:15,590 basehttp "GET /admin/jsi18n/ HTTP/1.1" 200 3342
INFO 2024-08-11 14:00:18,464 basehttp "GET /admin/base_api/author/ HTTP/1.1" 200 9993
INFO 2024-08-11 14:00:18,538 basehttp "GET /admin/jsi18n/ HTTP/1.1" 200 3342
INFO 2024-08-11 14:00:21,007 basehttp "GET /admin/base_api/customer/ HTTP/1.1" 200 11138
INFO 2024-08-11 14:00:21,077 basehttp "GET /admin/jsi18n/ HTTP/1.1" 200 3342
INFO 2024-08-11 14:00:25,770 basehttp "GET /admin/base_api/author/ HTTP/1.1" 200 9993
INFO 2024-08-11 14:00:25,845 basehttp "GET /admin/jsi18n/ HTTP/1.1" 200 3342
INFO 2024-08-11 14:00:30,075 basehttp "GET /admin/base_api/customer/ HTTP/1.1" 200 11138
INFO 2024-08-11 14:00:30,144 basehttp "GET /admin/jsi18n/ HTTP/1.1" 200 3342
INFO 2024-08-11 14:00:59,801 basehttp "GET /admin/base_api/author/add/ HTTP/1.1" 200 18670
INFO 2024-08-11 14:00:59,861 basehttp "GET /admin/jsi18n/ HTTP/1.1" 200 3342
INFO 2024-08-11 14:01:22,343 basehttp "POST /admin/base_api/author/add/ HTTP/1.1" 302 0
INFO 2024-08-11 14:01:22,417 basehttp "GET /admin/base_api/author/add/ HTTP/1.1" 200 18912
INFO 2024-08-11 14:01:22,471 basehttp "GET /admin/jsi18n/ HTTP/1.1" 200 3342
INFO 2024-08-11 14:01:25,540 basehttp "GET /admin/base_api/customer/ HTTP/1.1" 200 11419
INFO 2024-08-11 14:01:25,608 basehttp "GET /admin/jsi18n/ HTTP/1.1" 200 3342
INFO 2024-08-11 14:02:59,417 basehttp "GET /admin/base_api/author/ HTTP/1.1" 200 10273
INFO 2024-08-11 14:02:59,527 basehttp "GET /admin/jsi18n/ HTTP/1.1" 200 3342
INFO 2024-08-11 14:03:06,054 basehttp "GET /admin/base_api/customer/ HTTP/1.1" 200 11419
INFO 2024-08-11 14:03:06,132 basehttp "GET /admin/jsi18n/ HTTP/1.1" 200 3342
INFO 2024-08-11 14:04:06,731 autoreload C:\Users\SAMSUNG\Desktop\NAT_HABIT\bookstore\base_api\models.py changed, reloading.
INFO 2024-08-11 14:04:09,251 autoreload Watching for file changes with StatReloader
INFO 2024-08-11 14:04:25,493 autoreload C:\Users\SAMSUNG\Desktop\NAT_HABIT\bookstore\base_api\models.py changed, reloading.
INFO 2024-08-11 14:04:29,975 autoreload Watching for file changes with StatReloader
INFO 2024-08-11 14:04:33,763 autoreload C:\Users\SAMSUNG\Desktop\NAT_HABIT\bookstore\base_api\models.py changed, reloading.
INFO 2024-08-11 14:04:36,498 autoreload Watching for file changes with StatReloader
INFO 2024-08-11 14:11:56,971 autoreload Watching for file changes with StatReloader
WARNING 2024-08-11 14:12:04,932 log Not Found: /api/books/
WARNING 2024-08-11 14:12:04,934 basehttp "GET /api/books/ HTTP/1.1" 404 9907
ERROR 2024-08-11 14:12:10,641 log Internal Server Error: /books/
Traceback (most recent call last):
  File "C:\Users\SAMSUNG\Desktop\NAT_HABIT\bookstore\venv\Lib\site-packages\django\core\handlers\exception.py", line 55, in inner
    response = get_response(request)
               ^^^^^^^^^^^^^^^^^^^^^
  File "C:\Users\SAMSUNG\Desktop\NAT_HABIT\bookstore\venv\Lib\site-packages\django\core\handlers\base.py", line 197, in _get_response
    response = wrapped_callback(request, *callback_args, **callback_kwargs)
               ^^^^^^^^^^^^^^^^^^^^^^^^^^^^^^^^^^^^^^^^^^^^^^^^^^^^^^^^^^^^
  File "C:\Users\SAMSUNG\Desktop\NAT_HABIT\bookstore\venv\Lib\site-packages\django\views\decorators\csrf.py", line 65, in _view_wrapper
    return view_func(request, *args, **kwargs)
           ^^^^^^^^^^^^^^^^^^^^^^^^^^^^^^^^^^^
  File "C:\Users\SAMSUNG\Desktop\NAT_HABIT\bookstore\venv\Lib\site-packages\rest_framework\viewsets.py", line 124, in view
    return self.dispatch(request, *args, **kwargs)
           ^^^^^^^^^^^^^^^^^^^^^^^^^^^^^^^^^^^^^^^
  File "C:\Users\SAMSUNG\Desktop\NAT_HABIT\bookstore\venv\Lib\site-packages\rest_framework\views.py", line 509, in dispatch
    response = self.handle_exception(exc)
               ^^^^^^^^^^^^^^^^^^^^^^^^^^
  File "C:\Users\SAMSUNG\Desktop\NAT_HABIT\bookstore\venv\Lib\site-packages\rest_framework\views.py", line 469, in handle_exception
    self.raise_uncaught_exception(exc)
  File "C:\Users\SAMSUNG\Desktop\NAT_HABIT\bookstore\venv\Lib\site-packages\rest_framework\views.py", line 480, in raise_uncaught_exception
    raise exc
  File "C:\Users\SAMSUNG\Desktop\NAT_HABIT\bookstore\venv\Lib\site-packages\rest_framework\views.py", line 506, in dispatch
    response = handler(request, *args, **kwargs)
               ^^^^^^^^^^^^^^^^^^^^^^^^^^^^^^^^^
  File "C:\Users\SAMSUNG\Desktop\NAT_HABIT\bookstore\base_api\views.py", line 93, in list
    queryset = cache.get('Book_list')
               ^^^^^
NameError: name 'cache' is not defined
ERROR 2024-08-11 14:12:10,661 basehttp "GET /books/ HTTP/1.1" 500 102967
INFO 2024-08-11 14:12:38,549 autoreload C:\Users\SAMSUNG\Desktop\NAT_HABIT\bookstore\base_api\views.py changed, reloading.
INFO 2024-08-11 14:12:40,258 autoreload Watching for file changes with StatReloader
INFO 2024-08-11 14:12:43,333 autoreload C:\Users\SAMSUNG\Desktop\NAT_HABIT\bookstore\base_api\views.py changed, reloading.
INFO 2024-08-11 14:12:44,954 autoreload Watching for file changes with StatReloader
INFO 2024-08-11 14:13:14,380 autoreload C:\Users\SAMSUNG\Desktop\NAT_HABIT\bookstore\base_api\views.py changed, reloading.
INFO 2024-08-11 14:13:15,974 autoreload Watching for file changes with StatReloader
INFO 2024-08-11 14:13:20,860 autoreload C:\Users\SAMSUNG\Desktop\NAT_HABIT\bookstore\base_api\views.py changed, reloading.
INFO 2024-08-11 14:13:22,367 autoreload Watching for file changes with StatReloader
INFO 2024-08-11 14:13:27,219 autoreload C:\Users\SAMSUNG\Desktop\NAT_HABIT\bookstore\base_api\views.py changed, reloading.
INFO 2024-08-11 14:13:29,099 autoreload Watching for file changes with StatReloader
INFO 2024-08-11 14:13:32,728 autoreload C:\Users\SAMSUNG\Desktop\NAT_HABIT\bookstore\base_api\views.py changed, reloading.
INFO 2024-08-11 14:13:35,923 autoreload Watching for file changes with StatReloader
INFO 2024-08-11 14:13:41,121 autoreload C:\Users\SAMSUNG\Desktop\NAT_HABIT\bookstore\base_api\views.py changed, reloading.
INFO 2024-08-11 14:13:42,979 autoreload Watching for file changes with StatReloader
INFO 2024-08-11 14:13:49,510 autoreload C:\Users\SAMSUNG\Desktop\NAT_HABIT\bookstore\base_api\views.py changed, reloading.
INFO 2024-08-11 14:13:51,763 autoreload Watching for file changes with StatReloader
INFO 2024-08-11 14:13:57,078 autoreload C:\Users\SAMSUNG\Desktop\NAT_HABIT\bookstore\base_api\views.py changed, reloading.
INFO 2024-08-11 14:14:00,764 autoreload Watching for file changes with StatReloader
INFO 2024-08-11 14:14:05,835 autoreload C:\Users\SAMSUNG\Desktop\NAT_HABIT\bookstore\base_api\views.py changed, reloading.
INFO 2024-08-11 14:14:10,210 autoreload Watching for file changes with StatReloader
INFO 2024-08-11 14:14:23,892 autoreload C:\Users\SAMSUNG\Desktop\NAT_HABIT\bookstore\base_api\views.py changed, reloading.
INFO 2024-08-11 14:14:25,881 autoreload Watching for file changes with StatReloader
INFO 2024-08-11 14:15:12,904 basehttp "GET /books/ HTTP/1.1" 200 12879
INFO 2024-08-11 14:15:14,056 basehttp "GET /static/rest_framework/js/jquery-3.7.1.min.js HTTP/1.1" 304 0
INFO 2024-08-11 14:15:14,056 basehttp "GET /static/rest_framework/js/load-ajax-form.js HTTP/1.1" 304 0
INFO 2024-08-11 14:15:17,423 basehttp "GET /books/ HTTP/1.1" 200 12879
INFO 2024-08-11 14:15:23,579 basehttp "GET /admin/base_api/book/add/ HTTP/1.1" 200 13280
INFO 2024-08-11 14:15:23,687 basehttp "GET /static/admin/js/calendar.js HTTP/1.1" 304 0
INFO 2024-08-11 14:15:23,697 basehttp "GET /admin/jsi18n/ HTTP/1.1" 200 3342
INFO 2024-08-11 14:15:23,705 basehttp "GET /static/admin/js/admin/DateTimeShortcuts.js HTTP/1.1" 304 0
INFO 2024-08-11 14:15:24,340 basehttp "GET /static/admin/img/icon-calendar.svg HTTP/1.1" 304 0
INFO 2024-08-11 14:15:41,907 basehttp "POST /admin/base_api/book/add/ HTTP/1.1" 200 13495
INFO 2024-08-11 14:15:42,002 basehttp "GET /admin/jsi18n/ HTTP/1.1" 200 3342
INFO 2024-08-11 14:15:49,886 basehttp "POST /admin/base_api/book/add/ HTTP/1.1" 302 0
INFO 2024-08-11 14:15:49,968 basehttp "GET /admin/base_api/book/ HTTP/1.1" 200 10458
INFO 2024-08-11 14:15:50,046 basehttp "GET /admin/jsi18n/ HTTP/1.1" 200 3342
INFO 2024-08-11 14:15:50,363 basehttp "GET /static/admin/img/icon-yes.svg HTTP/1.1" 304 0
INFO 2024-08-11 14:15:51,461 basehttp "GET /books/ HTTP/1.1" 200 12879
INFO 2024-08-11 14:15:53,080 basehttp "GET /books/ HTTP/1.1" 200 12879
INFO 2024-08-11 14:16:13,483 autoreload C:\Users\SAMSUNG\Desktop\NAT_HABIT\bookstore\base_api\views.py changed, reloading.
INFO 2024-08-11 14:16:16,551 autoreload Watching for file changes with StatReloader
INFO 2024-08-11 14:16:32,010 autoreload C:\Users\SAMSUNG\Desktop\NAT_HABIT\bookstore\base_api\views.py changed, reloading.
INFO 2024-08-11 14:16:33,731 autoreload Watching for file changes with StatReloader
WARNING 2024-08-11 14:16:35,120 log Not Found: /author/
WARNING 2024-08-11 14:16:35,124 basehttp "GET /author/ HTTP/1.1" 404 9898
ERROR 2024-08-11 14:16:39,408 log Internal Server Error: /authors/
Traceback (most recent call last):
  File "C:\Users\SAMSUNG\Desktop\NAT_HABIT\bookstore\venv\Lib\site-packages\django\core\handlers\exception.py", line 55, in inner
    response = get_response(request)
               ^^^^^^^^^^^^^^^^^^^^^
  File "C:\Users\SAMSUNG\Desktop\NAT_HABIT\bookstore\venv\Lib\site-packages\django\core\handlers\base.py", line 197, in _get_response
    response = wrapped_callback(request, *callback_args, **callback_kwargs)
               ^^^^^^^^^^^^^^^^^^^^^^^^^^^^^^^^^^^^^^^^^^^^^^^^^^^^^^^^^^^^
  File "C:\Users\SAMSUNG\Desktop\NAT_HABIT\bookstore\venv\Lib\site-packages\django\views\decorators\csrf.py", line 65, in _view_wrapper
    return view_func(request, *args, **kwargs)
           ^^^^^^^^^^^^^^^^^^^^^^^^^^^^^^^^^^^
  File "C:\Users\SAMSUNG\Desktop\NAT_HABIT\bookstore\venv\Lib\site-packages\rest_framework\viewsets.py", line 124, in view
    return self.dispatch(request, *args, **kwargs)
           ^^^^^^^^^^^^^^^^^^^^^^^^^^^^^^^^^^^^^^^
  File "C:\Users\SAMSUNG\Desktop\NAT_HABIT\bookstore\venv\Lib\site-packages\rest_framework\views.py", line 509, in dispatch
    response = self.handle_exception(exc)
               ^^^^^^^^^^^^^^^^^^^^^^^^^^
  File "C:\Users\SAMSUNG\Desktop\NAT_HABIT\bookstore\venv\Lib\site-packages\rest_framework\views.py", line 469, in handle_exception
    self.raise_uncaught_exception(exc)
  File "C:\Users\SAMSUNG\Desktop\NAT_HABIT\bookstore\venv\Lib\site-packages\rest_framework\views.py", line 480, in raise_uncaught_exception
    raise exc
  File "C:\Users\SAMSUNG\Desktop\NAT_HABIT\bookstore\venv\Lib\site-packages\rest_framework\views.py", line 506, in dispatch
    response = handler(request, *args, **kwargs)
               ^^^^^^^^^^^^^^^^^^^^^^^^^^^^^^^^^
  File "C:\Users\SAMSUNG\Desktop\NAT_HABIT\bookstore\base_api\views.py", line 36, in list
    return self.get_paginated_response(serializer.data)
                                       ^^^^^^^^^^^^^^^
  File "C:\Users\SAMSUNG\Desktop\NAT_HABIT\bookstore\venv\Lib\site-packages\rest_framework\serializers.py", line 795, in data
    ret = super().data
          ^^^^^^^^^^^^
  File "C:\Users\SAMSUNG\Desktop\NAT_HABIT\bookstore\venv\Lib\site-packages\rest_framework\serializers.py", line 249, in data
    self._data = self.to_representation(self.instance)
                 ^^^^^^^^^^^^^^^^^^^^^^^^^^^^^^^^^^^^^
  File "C:\Users\SAMSUNG\Desktop\NAT_HABIT\bookstore\venv\Lib\site-packages\rest_framework\serializers.py", line 714, in to_representation
    self.child.to_representation(item) for item in iterable
    ^^^^^^^^^^^^^^^^^^^^^^^^^^^^^^^^^^
  File "C:\Users\SAMSUNG\Desktop\NAT_HABIT\bookstore\base_api\serializers.py", line 13, in to_representation
    return super().to_representation(instance)
           ^^^^^^^^^^^^^^^^^^^^^^^^^^^^^^^^^^^
  File "C:\Users\SAMSUNG\Desktop\NAT_HABIT\bookstore\venv\Lib\site-packages\rest_framework\serializers.py", line 523, in to_representation
    for field in fields:
  File "C:\Users\SAMSUNG\Desktop\NAT_HABIT\bookstore\venv\Lib\site-packages\rest_framework\serializers.py", line 384, in _readable_fields
    for field in self.fields.values():
                 ^^^^^^^^^^^
  File "C:\Users\SAMSUNG\Desktop\NAT_HABIT\bookstore\venv\Lib\site-packages\django\utils\functional.py", line 47, in __get__
    res = instance.__dict__[self.name] = self.func(instance)
                                         ^^^^^^^^^^^^^^^^^^^
  File "C:\Users\SAMSUNG\Desktop\NAT_HABIT\bookstore\venv\Lib\site-packages\rest_framework\serializers.py", line 372, in fields
    for key, value in self.get_fields().items():
                      ^^^^^^^^^^^^^^^^^
  File "C:\Users\SAMSUNG\Desktop\NAT_HABIT\bookstore\venv\Lib\site-packages\rest_framework\serializers.py", line 1103, in get_fields
    field_class, field_kwargs = self.build_field(
                                ^^^^^^^^^^^^^^^^^
  File "C:\Users\SAMSUNG\Desktop\NAT_HABIT\bookstore\venv\Lib\site-packages\rest_framework\serializers.py", line 1249, in build_field
    return self.build_unknown_field(field_name, model_class)
           ^^^^^^^^^^^^^^^^^^^^^^^^^^^^^^^^^^^^^^^^^^^^^^^^^
  File "C:\Users\SAMSUNG\Desktop\NAT_HABIT\bookstore\venv\Lib\site-packages\rest_framework\serializers.py", line 1367, in build_unknown_field
    raise ImproperlyConfigured(
django.core.exceptions.ImproperlyConfigured: Field name `first_name` is not valid for model `Author` in `base_api.serializers.AuthorSerializer`.
ERROR 2024-08-11 14:16:39,433 basehttp "GET /authors/ HTTP/1.1" 500 160191
INFO 2024-08-11 14:17:29,186 autoreload C:\Users\SAMSUNG\Desktop\NAT_HABIT\bookstore\base_api\serializers.py changed, reloading.
INFO 2024-08-11 14:17:32,259 autoreload Watching for file changes with StatReloader
ERROR 2024-08-11 14:17:37,376 log Internal Server Error: /authors/
Traceback (most recent call last):
  File "C:\Users\SAMSUNG\Desktop\NAT_HABIT\bookstore\venv\Lib\site-packages\django\core\handlers\exception.py", line 55, in inner
    response = get_response(request)
               ^^^^^^^^^^^^^^^^^^^^^
  File "C:\Users\SAMSUNG\Desktop\NAT_HABIT\bookstore\venv\Lib\site-packages\django\core\handlers\base.py", line 197, in _get_response
    response = wrapped_callback(request, *callback_args, **callback_kwargs)
               ^^^^^^^^^^^^^^^^^^^^^^^^^^^^^^^^^^^^^^^^^^^^^^^^^^^^^^^^^^^^
  File "C:\Users\SAMSUNG\Desktop\NAT_HABIT\bookstore\venv\Lib\site-packages\django\views\decorators\csrf.py", line 65, in _view_wrapper
    return view_func(request, *args, **kwargs)
           ^^^^^^^^^^^^^^^^^^^^^^^^^^^^^^^^^^^
  File "C:\Users\SAMSUNG\Desktop\NAT_HABIT\bookstore\venv\Lib\site-packages\rest_framework\viewsets.py", line 124, in view
    return self.dispatch(request, *args, **kwargs)
           ^^^^^^^^^^^^^^^^^^^^^^^^^^^^^^^^^^^^^^^
  File "C:\Users\SAMSUNG\Desktop\NAT_HABIT\bookstore\venv\Lib\site-packages\rest_framework\views.py", line 509, in dispatch
    response = self.handle_exception(exc)
               ^^^^^^^^^^^^^^^^^^^^^^^^^^
  File "C:\Users\SAMSUNG\Desktop\NAT_HABIT\bookstore\venv\Lib\site-packages\rest_framework\views.py", line 469, in handle_exception
    self.raise_uncaught_exception(exc)
  File "C:\Users\SAMSUNG\Desktop\NAT_HABIT\bookstore\venv\Lib\site-packages\rest_framework\views.py", line 480, in raise_uncaught_exception
    raise exc
  File "C:\Users\SAMSUNG\Desktop\NAT_HABIT\bookstore\venv\Lib\site-packages\rest_framework\views.py", line 506, in dispatch
    response = handler(request, *args, **kwargs)
               ^^^^^^^^^^^^^^^^^^^^^^^^^^^^^^^^^
  File "C:\Users\SAMSUNG\Desktop\NAT_HABIT\bookstore\base_api\views.py", line 36, in list
    return self.get_paginated_response(serializer.data)
                                       ^^^^^^^^^^^^^^^
  File "C:\Users\SAMSUNG\Desktop\NAT_HABIT\bookstore\venv\Lib\site-packages\rest_framework\serializers.py", line 795, in data
    ret = super().data
          ^^^^^^^^^^^^
  File "C:\Users\SAMSUNG\Desktop\NAT_HABIT\bookstore\venv\Lib\site-packages\rest_framework\serializers.py", line 249, in data
    self._data = self.to_representation(self.instance)
                 ^^^^^^^^^^^^^^^^^^^^^^^^^^^^^^^^^^^^^
  File "C:\Users\SAMSUNG\Desktop\NAT_HABIT\bookstore\venv\Lib\site-packages\rest_framework\serializers.py", line 714, in to_representation
    self.child.to_representation(item) for item in iterable
    ^^^^^^^^^^^^^^^^^^^^^^^^^^^^^^^^^^
  File "C:\Users\SAMSUNG\Desktop\NAT_HABIT\bookstore\base_api\serializers.py", line 13, in to_representation
    return super().to_representation(instance)
           ^^^^^^^^^^^^^^^^^^^^^^^^^^^^^^^^^^^
  File "C:\Users\SAMSUNG\Desktop\NAT_HABIT\bookstore\venv\Lib\site-packages\rest_framework\serializers.py", line 523, in to_representation
    for field in fields:
  File "C:\Users\SAMSUNG\Desktop\NAT_HABIT\bookstore\venv\Lib\site-packages\rest_framework\serializers.py", line 384, in _readable_fields
    for field in self.fields.values():
                 ^^^^^^^^^^^
  File "C:\Users\SAMSUNG\Desktop\NAT_HABIT\bookstore\venv\Lib\site-packages\django\utils\functional.py", line 47, in __get__
    res = instance.__dict__[self.name] = self.func(instance)
                                         ^^^^^^^^^^^^^^^^^^^
  File "C:\Users\SAMSUNG\Desktop\NAT_HABIT\bookstore\venv\Lib\site-packages\rest_framework\serializers.py", line 372, in fields
    for key, value in self.get_fields().items():
                      ^^^^^^^^^^^^^^^^^
  File "C:\Users\SAMSUNG\Desktop\NAT_HABIT\bookstore\venv\Lib\site-packages\rest_framework\serializers.py", line 1103, in get_fields
    field_class, field_kwargs = self.build_field(
                                ^^^^^^^^^^^^^^^^^
  File "C:\Users\SAMSUNG\Desktop\NAT_HABIT\bookstore\venv\Lib\site-packages\rest_framework\serializers.py", line 1249, in build_field
    return self.build_unknown_field(field_name, model_class)
           ^^^^^^^^^^^^^^^^^^^^^^^^^^^^^^^^^^^^^^^^^^^^^^^^^
  File "C:\Users\SAMSUNG\Desktop\NAT_HABIT\bookstore\venv\Lib\site-packages\rest_framework\serializers.py", line 1367, in build_unknown_field
    raise ImproperlyConfigured(
django.core.exceptions.ImproperlyConfigured: Field name `last_name` is not valid for model `Author` in `base_api.serializers.AuthorSerializer`.
ERROR 2024-08-11 14:17:37,400 basehttp "GET /authors/ HTTP/1.1" 500 160258
INFO 2024-08-11 14:17:48,501 autoreload C:\Users\SAMSUNG\Desktop\NAT_HABIT\bookstore\base_api\serializers.py changed, reloading.
INFO 2024-08-11 14:17:51,383 autoreload Watching for file changes with StatReloader
INFO 2024-08-11 14:17:55,020 autoreload C:\Users\SAMSUNG\Desktop\NAT_HABIT\bookstore\base_api\serializers.py changed, reloading.
INFO 2024-08-11 14:17:56,615 autoreload Watching for file changes with StatReloader
INFO 2024-08-11 14:18:02,713 autoreload C:\Users\SAMSUNG\Desktop\NAT_HABIT\bookstore\base_api\serializers.py changed, reloading.
INFO 2024-08-11 14:18:04,456 autoreload Watching for file changes with StatReloader
INFO 2024-08-11 14:18:06,986 autoreload C:\Users\SAMSUNG\Desktop\NAT_HABIT\bookstore\base_api\serializers.py changed, reloading.
INFO 2024-08-11 14:18:08,688 autoreload Watching for file changes with StatReloader
INFO 2024-08-11 14:18:16,675 autoreload C:\Users\SAMSUNG\Desktop\NAT_HABIT\bookstore\base_api\serializers.py changed, reloading.
INFO 2024-08-11 14:18:18,211 autoreload Watching for file changes with StatReloader
INFO 2024-08-11 14:18:20,364 basehttp "GET /authors/ HTTP/1.1" 200 18490
INFO 2024-08-11 14:18:33,971 basehttp "GET /admin/base_api/author/add/ HTTP/1.1" 200 18670
INFO 2024-08-11 14:18:34,053 basehttp "GET /admin/jsi18n/ HTTP/1.1" 200 3342
INFO 2024-08-11 14:18:34,530 basehttp "GET /static/admin/img/icon-clock.svg HTTP/1.1" 304 0
INFO 2024-08-11 14:18:48,037 basehttp "POST /admin/base_api/author/add/ HTTP/1.1" 302 0
INFO 2024-08-11 14:18:48,104 basehttp "GET /admin/base_api/author/ HTTP/1.1" 200 10763
INFO 2024-08-11 14:18:48,177 basehttp "GET /admin/jsi18n/ HTTP/1.1" 200 3342
INFO 2024-08-11 14:18:50,915 basehttp "GET /authors/ HTTP/1.1" 200 18490
INFO 2024-08-11 14:25:59,287 autoreload C:\Users\SAMSUNG\Desktop\NAT_HABIT\bookstore\base_api\views.py changed, reloading.
INFO 2024-08-11 14:26:03,650 autoreload Watching for file changes with StatReloader
INFO 2024-08-11 14:26:27,615 autoreload C:\Users\SAMSUNG\Desktop\NAT_HABIT\bookstore\base_api\views.py changed, reloading.
INFO 2024-08-11 14:26:30,006 autoreload Watching for file changes with StatReloader
INFO 2024-08-11 14:26:37,042 basehttp "GET /authors/ HTTP/1.1" 200 19024
INFO 2024-08-11 14:26:44,475 basehttp "GET /books/ HTTP/1.1" 200 13406
INFO 2024-08-11 14:29:01,924 autoreload C:\Users\SAMSUNG\Desktop\NAT_HABIT\bookstore\base_api\views.py changed, reloading.
INFO 2024-08-11 14:29:11,344 autoreload Watching for file changes with StatReloader
